<?xml version="1.0" encoding="UTF-8"?>
<!-- Generated by org.testng.reporters.JUnitReportReporter -->
<testsuite skipped="0" hostname="HCMDW-tdtuan" name="Runners.CartTestRun" tests="4" failures="0" timestamp="22 Aug 2022 04:31:08 GMT" time="0.046" errors="0">
  <testcase name="runScenario" time="0.017" classname="Runners.CartTestRun"/>
  <testcase name="runScenario" time="0.007" classname="Runners.CartTestRun"/>
  <testcase name="runScenario" time="0.013" classname="Runners.CartTestRun"/>
  <testcase name="runScenario" time="0.009" classname="Runners.CartTestRun"/>
</testsuite> <!-- Runners.CartTestRun -->
