<?xml version="1.0" encoding="UTF-8"?>
<!-- Generated by org.testng.reporters.JUnitReportReporter -->
<testsuite skipped="0" hostname="HCMDW-tdtuan" name="Runners.testCoreRun" tests="1" failures="0" timestamp="22 Aug 2022 04:31:08 GMT" time="9.405" errors="0">
  <testcase name="runScenario" time="9.405" classname="Runners.testCoreRun"/>
</testsuite> <!-- Runners.testCoreRun -->
